<?xml version="1.0" encoding="UTF-8"?>
<!-- Generated by org.testng.reporters.JUnitReportReporter -->
<testsuite hostname="DESKTOP-FNQHEA4" failures="0" tests="2" name="testcases.TC01_Home" time="9.512" errors="0" timestamp="2024-12-22T22:37:07 EET" skipped="0">
  <testcase classname="testcases.TC01_Home" name="validateSignInButtonNavigateToLoginPage" time="6.303"/>
  <testcase classname="testcases.TC01_Home" name="validateSignInButtonNavigateToLoginPage" time="3.209"/>
</testsuite> <!-- testcases.TC01_Home -->
