<?xml version="1.0" encoding="UTF-8"?>
<!-- Generated by org.testng.reporters.JUnitReportReporter -->
<testsuite hostname="DESKTOP-FNQHEA4" failures="0" tests="2" name="testcases.TC02_Login" time="16.443" errors="0" timestamp="2024-12-22T22:37:07 EET" skipped="0">
  <testcase classname="testcases.TC02_Login" name="validateLoginWithValidData" time="9.195"/>
  <testcase classname="testcases.TC02_Login" name="validateLoginWithValidData" time="7.248"/>
</testsuite> <!-- testcases.TC02_Login -->
